2016-07-06 10:24:00,595 ERROR com.Context - start Spring context....
2016-07-06 10:24:03,053 ERROR com.Entry - finish start server.....
2016-07-06 10:24:10,508 ERROR com.Context - start Spring context....
2016-07-06 10:24:12,980 ERROR com.Entry - finish start server.....
2016-07-06 10:33:12,613 ERROR com.Context - start Spring context....
2016-07-06 10:33:15,037 ERROR com.Entry - finish start server.....
2016-07-06 10:34:41,151 ERROR com.Context - start Spring context....
2016-07-06 10:36:57,288 ERROR com.Context - start Spring context....
2016-07-06 10:38:32,561 ERROR com.Context - start Spring context....
2016-07-06 10:39:52,572 ERROR com.Context - start Spring context....
2016-07-06 10:39:54,867 ERROR org.hibernate.tool.hbm2ddl.SchemaUpdate - Unsuccessful: alter table user add column order integer
2016-07-06 10:39:54,868 ERROR org.hibernate.tool.hbm2ddl.SchemaUpdate - You have an error in your SQL syntax; check the manual that corresponds to your MySQL server version for the right syntax to use near 'order integer' at line 1
2016-07-06 10:39:57,277 ERROR org.hibernate.util.JDBCExceptionReporter - Unknown column 'this_.order' in 'field list'
2016-07-06 10:40:49,143 ERROR com.Context - start Spring context....
2016-07-06 10:40:51,454 ERROR org.hibernate.tool.hbm2ddl.SchemaUpdate - Unsuccessful: alter table user add column order integer
2016-07-06 10:40:51,454 ERROR org.hibernate.tool.hbm2ddl.SchemaUpdate - You have an error in your SQL syntax; check the manual that corresponds to your MySQL server version for the right syntax to use near 'order integer' at line 1
2016-07-06 10:40:53,223 ERROR org.hibernate.util.JDBCExceptionReporter - Unknown column 'this_.order' in 'field list'
2016-07-06 10:41:11,557 ERROR com.Context - start Spring context....
2016-07-06 10:41:13,849 ERROR org.hibernate.tool.hbm2ddl.SchemaUpdate - Unsuccessful: create table user (id bigint not null auto_increment, name varchar(255), order integer, primary key (id)) ENGINE=InnoDB
2016-07-06 10:41:13,849 ERROR org.hibernate.tool.hbm2ddl.SchemaUpdate - You have an error in your SQL syntax; check the manual that corresponds to your MySQL server version for the right syntax to use near 'order integer, primary key (id)) ENGINE=InnoDB' at line 1
2016-07-06 10:41:16,965 ERROR org.hibernate.util.JDBCExceptionReporter - Table 'web.user' doesn't exist
2016-07-06 10:41:37,058 ERROR com.Context - start Spring context....
2016-07-06 10:41:39,349 ERROR org.hibernate.tool.hbm2ddl.SchemaUpdate - Unsuccessful: create table user (id bigint not null auto_increment, name varchar(255), order integer, primary key (id)) ENGINE=InnoDB
2016-07-06 10:41:39,349 ERROR org.hibernate.tool.hbm2ddl.SchemaUpdate - You have an error in your SQL syntax; check the manual that corresponds to your MySQL server version for the right syntax to use near 'order integer, primary key (id)) ENGINE=InnoDB' at line 1
2016-07-06 10:41:40,782 ERROR org.hibernate.util.JDBCExceptionReporter - You have an error in your SQL syntax; check the manual that corresponds to your MySQL server version for the right syntax to use near 'order) values ('??????333ff', null)' at line 1
2016-07-06 10:42:17,232 ERROR com.Context - start Spring context....
2016-07-06 10:42:19,523 ERROR org.hibernate.tool.hbm2ddl.SchemaUpdate - Unsuccessful: create table user (id bigint not null auto_increment, name varchar(255), order varchar(255), primary key (id)) ENGINE=InnoDB
2016-07-06 10:42:19,523 ERROR org.hibernate.tool.hbm2ddl.SchemaUpdate - You have an error in your SQL syntax; check the manual that corresponds to your MySQL server version for the right syntax to use near 'order varchar(255), primary key (id)) ENGINE=InnoDB' at line 1
2016-07-06 10:42:24,084 ERROR org.hibernate.util.JDBCExceptionReporter - You have an error in your SQL syntax; check the manual that corresponds to your MySQL server version for the right syntax to use near 'order) values ('??????333ff', null)' at line 1
2016-07-06 10:42:56,501 ERROR com.Context - start Spring context....
2016-07-06 10:42:58,795 ERROR org.hibernate.tool.hbm2ddl.SchemaUpdate - Unsuccessful: create table user (id bigint not null auto_increment, name varchar(255), order varchar(255), primary key (id)) ENGINE=InnoDB
2016-07-06 10:42:58,795 ERROR org.hibernate.tool.hbm2ddl.SchemaUpdate - You have an error in your SQL syntax; check the manual that corresponds to your MySQL server version for the right syntax to use near 'order varchar(255), primary key (id)) ENGINE=InnoDB' at line 1
2016-07-06 10:43:00,559 ERROR org.hibernate.util.JDBCExceptionReporter - You have an error in your SQL syntax; check the manual that corresponds to your MySQL server version for the right syntax to use near 'order) values ('??????333ff', '??????33ff')' at line 1
2016-07-06 10:43:43,612 ERROR com.Context - start Spring context....
2016-07-06 10:43:45,899 ERROR org.hibernate.tool.hbm2ddl.SchemaUpdate - Unsuccessful: create table user (id bigint not null auto_increment, name varchar(255), order varchar(255), primary key (id)) ENGINE=InnoDB
2016-07-06 10:43:45,899 ERROR org.hibernate.tool.hbm2ddl.SchemaUpdate - You have an error in your SQL syntax; check the manual that corresponds to your MySQL server version for the right syntax to use near 'order varchar(255), primary key (id)) ENGINE=InnoDB' at line 1
2016-07-06 10:43:55,659 ERROR org.hibernate.util.JDBCExceptionReporter - You have an error in your SQL syntax; check the manual that corresponds to your MySQL server version for the right syntax to use near 'order) values ('??????333ff', 'hhh')' at line 1
2016-07-06 10:45:42,692 ERROR com.Context - start Spring context....
2016-07-06 10:45:44,960 ERROR org.hibernate.tool.hbm2ddl.SchemaUpdate - Unsuccessful: create table user (id bigint not null auto_increment, name varchar(255), order varchar(255), primary key (id)) ENGINE=InnoDB
2016-07-06 10:45:44,960 ERROR org.hibernate.tool.hbm2ddl.SchemaUpdate - You have an error in your SQL syntax; check the manual that corresponds to your MySQL server version for the right syntax to use near 'order varchar(255), primary key (id)) ENGINE=InnoDB' at line 1
2016-07-06 10:45:48,581 ERROR org.hibernate.util.JDBCExceptionReporter - You have an error in your SQL syntax; check the manual that corresponds to your MySQL server version for the right syntax to use near 'order) values ('??????333ff', 'hhh')' at line 1
2016-07-06 10:46:55,186 ERROR com.Context - start Spring context....
2016-07-06 10:46:57,910 ERROR com.Entry - finish start server.....
2016-07-06 10:48:21,467 ERROR com.Context - start Spring context....
2016-07-06 10:48:24,137 ERROR com.Entry - finish start server.....
2016-07-06 10:48:38,870 ERROR com.Context - start Spring context....
2016-07-06 10:48:41,332 ERROR com.Entry - finish start server.....
2016-07-06 10:49:59,607 ERROR com.Context - start Spring context....
2016-07-06 10:50:02,433 ERROR com.Entry - finish start server.....
2016-07-06 10:50:19,947 ERROR com.Context - start Spring context....
2016-07-06 10:50:22,362 ERROR com.Entry - finish start server.....
2016-07-06 10:50:34,586 ERROR com.Context - start Spring context....
2016-07-06 10:50:36,999 ERROR com.Entry - finish start server.....
2016-07-06 10:53:10,806 ERROR com.Context - start Spring context....
2016-07-06 10:53:56,175 ERROR com.Context - start Spring context....
2016-07-06 10:57:00,974 ERROR com.Entry - finish start server.....
2016-07-06 11:03:22,277 ERROR com.Context - start Spring context....
2016-07-06 14:32:51,663 ERROR com.Context - start Spring context....
2016-07-06 14:32:57,226 ERROR com.Entry - finish start server.....
2016-07-06 14:33:10,453 ERROR com.Context - start Spring context....
2016-07-06 14:33:57,181 ERROR com.Context - start Spring context....
2016-07-06 14:39:20,520 ERROR com.Context - start Spring context....
2016-07-06 15:04:36,912 ERROR com.Context - start Spring context....
2016-07-06 15:15:15,023 ERROR com.Context - start Spring context....
2016-07-06 15:16:16,829 ERROR com.Context - start Spring context....
2016-07-06 15:18:16,007 ERROR com.Context - start Spring context....
2016-07-06 15:19:07,082 ERROR com.Context - start Spring context....
2016-07-06 15:19:40,436 ERROR com.Context - start Spring context....
2016-07-06 15:34:48,808 ERROR com.Context - start Spring context....
2016-07-06 15:48:54,643 ERROR com.Context - start Spring context....
2016-07-06 15:58:27,303 ERROR com.Context - start Spring context....
2016-07-06 16:13:57,496 ERROR com.Context - start Spring context....
2016-07-06 16:24:33,153 ERROR com.Context - start Spring context....
2016-07-06 16:24:52,140 ERROR com.Context - start Spring context....
2016-07-06 16:28:52,679 ERROR com.Context - start Spring context....
2016-07-06 16:30:00,954 ERROR com.Context - start Spring context....
2016-07-06 16:31:39,609 ERROR com.Context - start Spring context....
2016-07-06 16:38:19,816 ERROR com.Entry - finish start server.....
2016-07-06 16:38:52,256 ERROR com.Context - start Spring context....
2016-07-06 16:40:06,073 ERROR com.Context - start Spring context....
2016-07-06 17:20:58,994 ERROR com.Context - start Spring context....
2016-07-06 17:21:41,047 ERROR com.Context - start Spring context....
2016-07-06 17:22:16,668 ERROR com.Context - start Spring context....
2016-07-06 17:22:42,234 ERROR com.Context - start Spring context....
2016-07-06 17:23:09,242 ERROR com.Context - start Spring context....
2016-07-06 17:24:07,032 ERROR com.Context - start Spring context....
2016-07-06 17:25:22,652 ERROR com.Context - start Spring context....
2016-07-06 19:45:36,994 ERROR com.Context - start Spring context....
2016-07-06 19:46:33,065 ERROR com.Context - start Spring context....
2016-07-06 19:48:20,724 ERROR com.Context - start Spring context....
2016-07-06 19:49:24,880 ERROR com.Context - start Spring context....
2016-07-06 19:50:04,193 ERROR com.Context - start Spring context....
2016-07-06 19:52:09,101 ERROR com.Context - start Spring context....
2016-07-06 19:52:50,124 ERROR com.Context - start Spring context....
2016-07-06 19:53:04,597 ERROR com.Context - start Spring context....
2016-07-06 19:54:08,770 ERROR com.Context - start Spring context....
2016-07-06 19:54:14,029 ERROR com.Entry - finish start server.....
2016-07-06 19:54:45,167 ERROR com.Context - start Spring context....
2016-07-06 19:54:57,533 ERROR com.Context - start Spring context....
